INFO:__main__:2013-08-24 13:30:00+00:00:  Bayern München : 1. FC Nürnberg
INFO:__main__:  * Host  weather index in                                  München: 42.1 13.0 12.8 --> 67.8
INFO:__main__:  * Guest weather index in                                 Nürnberg: 42.6 5.0 6.4 --> 54.0
INFO:__main__:   --> 3:0 (0.257)
INFO:requests.packages.urllib3.connectionpool:Starting new HTTP connection (1): botliga.de
INFO:__main__:Response from botliga: <Response [201]>
INFO:__main__:2013-08-24 13:30:00+00:00:  Hannover 96 : FC Schalke 04
INFO:__main__:  * Host  weather index in                                 Hannover: 43.8 23.0 0.0 --> 66.8
INFO:__main__:  * Guest weather index in                            Gelsenkirchen: 36.1 20.0 23.0 --> 79.1
INFO:__main__:   --> 0:2 (-0.155)
INFO:requests.packages.urllib3.connectionpool:Starting new HTTP connection (1): botliga.de
INFO:__main__:Response from botliga: <Response [201]>
INFO:__main__:2013-08-24 13:30:00+00:00:  TSG 1899 Hoffenheim : SC Freiburg
INFO:__main__:  * Host  weather index in                               Hoffenheim: 48.3 1.0 16.8 --> 66.1
INFO:__main__:  * Guest weather index in                                 Freiburg: 36.9 0.0 16.0 --> 52.8
INFO:__main__:   --> 3:0 (0.252)
INFO:requests.packages.urllib3.connectionpool:Starting new HTTP connection (1): botliga.de
INFO:__main__:Response from botliga: <Response [201]>
INFO:__main__:2013-08-24 13:30:00+00:00:  1. FSV Mainz 05 : VfL Wolfsburg
INFO:__main__:  * Host  weather index in                                    Mainz: 38.2 17.0 10.4 --> 65.5
INFO:__main__:  * Guest weather index in                                Wolfsburg: 43.9 11.0 14.7 --> 69.6
INFO:__main__:   --> 0:1 (-0.058)
INFO:requests.packages.urllib3.connectionpool:Starting new HTTP connection (1): botliga.de
INFO:__main__:Response from botliga: <Response [201]>
INFO:__main__:2013-08-24 13:30:00+00:00:  Bayer 04 Leverkusen : Borussia Mönchengladbach
INFO:__main__:  * Host  weather index in                               Leverkusen: 44.2 9.0 10.6 --> 63.8
INFO:__main__:  * Guest weather index in                          Mönchengladbach: 44.4 18.0 4.6 --> 67.0
INFO:__main__:   --> 0:0 (-0.047)
INFO:requests.packages.urllib3.connectionpool:Starting new HTTP connection (1): botliga.de
INFO:__main__:Response from botliga: <Response [201]>
INFO:__main__:2013-08-24 16:30:00+00:00:  Hertha BSC : Hamburger SV
INFO:__main__:  * Host  weather index in                                   Berlin: 46.1 7.0 16.8 --> 69.8
INFO:__main__:  * Guest weather index in                                  Hamburg: 46.5 21.0 0.0 --> 67.5
INFO:__main__:   --> 0:0 (0.034)
INFO:requests.packages.urllib3.connectionpool:Starting new HTTP connection (1): botliga.de
INFO:__main__:Response from botliga: <Response [201]>